

Microchip MPLAB XC8 Assembler V2.36 build 20220127204148 
                                                                                               Thu Jul 11 11:58:47 2024

Microchip MPLAB XC8 C Compiler v2.36 (Free license) build 20220127204148 Og1 
     1                           	processor	16F648A
     2                           	pagewidth 120
     3                           	opt	flic
     4                           	psect	cinit,global,class=CODE,merge=1,delta=2
     5                           	psect	cstackCOMMON,global,class=COMMON,space=1,delta=1,noexec
     6                           	psect	maintext,global,class=CODE,split=1,delta=2
     7                           	psect	config,global,abs,ovrld,class=CONFIG,space=4,delta=2,noexec
     8                           	dabs	1,0x7E,2
     9  0000                     
    10                           ; Version 2.20
    11                           ; Generated 12/02/2020 GMT
    12                           ; 
    13                           ; Copyright © 2020, Microchip Technology Inc. and its subsidiaries ("Microchip")
    14                           ; All rights reserved.
    15                           ; 
    16                           ; This software is developed by Microchip Technology Inc. and its subsidiaries ("Microch
      +                          ip").
    17                           ; 
    18                           ; Redistribution and use in source and binary forms, with or without modification, are
    19                           ; permitted provided that the following conditions are met:
    20                           ; 
    21                           ;     1. Redistributions of source code must retain the above copyright notice, this lis
      +                          t of
    22                           ;        conditions and the following disclaimer.
    23                           ; 
    24                           ;     2. Redistributions in binary form must reproduce the above copyright notice, this 
      +                          list
    25                           ;        of conditions and the following disclaimer in the documentation and/or other
    26                           ;        materials provided with the distribution.
    27                           ; 
    28                           ;     3. Microchip's name may not be used to endorse or promote products derived from th
      +                          is
    29                           ;        software without specific prior written permission.
    30                           ; 
    31                           ; THIS SOFTWARE IS PROVIDED BY MICROCHIP "AS IS" AND ANY EXPRESS OR IMPLIED WARRANTIES,
    32                           ; INCLUDING, BUT NOT LIMITED TO, THE IMPLIED WARRANTIES OF MERCHANTABILITY AND FITNESS F
      +                          OR
    33                           ; PURPOSE ARE DISCLAIMED.  IN NO EVENT SHALL MICROCHIP BE LIABLE FOR ANY DIRECT, INDIREC
      +                          T,
    34                           ; INCIDENTAL, SPECIAL, EXEMPLARY, OR CONSEQUENTIAL DAMAGES (INCLUDING BUT NOT LIMITED TO
    35                           ; PROCUREMENT OF SUBSTITUTE GOODS OR SERVICES; LOSS OF USE, DATA OR PROFITS; OR BUSINESS
    36                           ; INTERRUPTION) HOWSOEVER CAUSED AND ON ANY THEORY OF LIABILITY, WHETHER IN CONTRACT, ST
      +                          RICT
    37                           ; LIABILITY, OR TORT (INCLUDING NEGLIGENCE OR OTHERWISE) ARISING IN ANY WAY OUT OF THE U
      +                          SE OF
    38                           ; THIS SOFTWARE, EVEN IF ADVISED OF THE POSSIBILITY OF SUCH DAMAGE.
    39                           ; 
    40                           ; 
    41                           ; Code-generator required, PIC16F648A Definitions
    42                           ; 
    43                           ; SFR Addresses
    44  0000                     	;# 
    45  0001                     	;# 
    46  0002                     	;# 
    47  0003                     	;# 
    48  0004                     	;# 
    49  0005                     	;# 
    50  0006                     	;# 
    51  000A                     	;# 
    52  000B                     	;# 
    53  000C                     	;# 
    54  000E                     	;# 
    55  000E                     	;# 
    56  000F                     	;# 
    57  0010                     	;# 
    58  0011                     	;# 
    59  0012                     	;# 
    60  0015                     	;# 
    61  0015                     	;# 
    62  0016                     	;# 
    63  0017                     	;# 
    64  0018                     	;# 
    65  0019                     	;# 
    66  001A                     	;# 
    67  001F                     	;# 
    68  0081                     	;# 
    69  0085                     	;# 
    70  0086                     	;# 
    71  008C                     	;# 
    72  008E                     	;# 
    73  0092                     	;# 
    74  0098                     	;# 
    75  0099                     	;# 
    76  009A                     	;# 
    77  009B                     	;# 
    78  009C                     	;# 
    79  009D                     	;# 
    80  009F                     	;# 
    81  0000                     	;# 
    82  0001                     	;# 
    83  0002                     	;# 
    84  0003                     	;# 
    85  0004                     	;# 
    86  0005                     	;# 
    87  0006                     	;# 
    88  000A                     	;# 
    89  000B                     	;# 
    90  000C                     	;# 
    91  000E                     	;# 
    92  000E                     	;# 
    93  000F                     	;# 
    94  0010                     	;# 
    95  0011                     	;# 
    96  0012                     	;# 
    97  0015                     	;# 
    98  0015                     	;# 
    99  0016                     	;# 
   100  0017                     	;# 
   101  0018                     	;# 
   102  0019                     	;# 
   103  001A                     	;# 
   104  001F                     	;# 
   105  0081                     	;# 
   106  0085                     	;# 
   107  0086                     	;# 
   108  008C                     	;# 
   109  008E                     	;# 
   110  0092                     	;# 
   111  0098                     	;# 
   112  0099                     	;# 
   113  009A                     	;# 
   114  009B                     	;# 
   115  009C                     	;# 
   116  009D                     	;# 
   117  009F                     	;# 
   118  0005                     _PORTAbits	set	5
   119  0006                     _PORTB	set	6
   120  0005                     _PORTA	set	5
   121  001F                     _CMCON	set	31
   122  0086                     _TRISB	set	134
   123  0085                     _TRISA	set	133
   124  0473                     _OSCF	set	1139
   125                           
   126                           	psect	cinit
   127  07FD                     start_initialization:	
   128                           ; #config settings
   129                           
   130  07FD                     __initialization:
   131  07FD                     end_of_initialization:	
   132                           ;End of C runtime variable initialization code
   133                           
   134  07FD                     __end_of__initialization:
   135  07FD  0183               	clrf	3
   136  07FE  118A  2FE0         	ljmp	_main	;jump to C main() function
   137                           
   138                           	psect	cstackCOMMON
   139  0070                     __pcstackCOMMON:
   140  0070                     ?_main:
   141  0070                     main@argc:	
   142                           ; 2 bytes @ 0x0
   143                           
   144                           
   145                           ; 2 bytes @ 0x0
   146  0070                     	ds	2
   147  0072                     main@argv:
   148                           
   149                           ; 2 bytes @ 0x2
   150  0072                     	ds	2
   151  0074                     ??_main:
   152                           
   153                           ; 1 bytes @ 0x4
   154  0074                     	ds	1
   155                           
   156                           	psect	maintext
   157  07E0                     __pmaintext:	
   158 ;;
   159 ;;Main: autosize = 0, tempsize = 1, incstack = 0, save=0
   160 ;;
   161 ;; *************** function _main *****************
   162 ;; Defined at:
   163 ;;		line 15 in file "buz.c"
   164 ;; Parameters:    Size  Location     Type
   165 ;;  argc            2    0[COMMON] int 
   166 ;;  argv            2    2[COMMON] PTR PTR unsigned char 
   167 ;; Auto vars:     Size  Location     Type
   168 ;;		None
   169 ;; Return value:  Size  Location     Type
   170 ;;                  2    0[COMMON] int 
   171 ;; Registers used:
   172 ;;		wreg, status,2
   173 ;; Tracked objects:
   174 ;;		On entry : B00/0
   175 ;;		On exit  : 0/0
   176 ;;		Unchanged: 0/0
   177 ;; Data sizes:     COMMON   BANK0   BANK1   BANK2
   178 ;;      Params:         4       0       0       0
   179 ;;      Locals:         0       0       0       0
   180 ;;      Temps:          1       0       0       0
   181 ;;      Totals:         5       0       0       0
   182 ;;Total ram usage:        5 bytes
   183 ;; This function calls:
   184 ;;		Nothing
   185 ;; This function is called by:
   186 ;;		Startup code after reset
   187 ;; This function uses a non-reentrant model
   188 ;;
   189                           
   190  07E0                     _main:	
   191                           ;psect for function _main
   192                           
   193  07E0                     l628:	
   194                           ;incstack = 0
   195                           ; Regs used in _main: [wreg+status,2]
   196                           
   197  07E0  1683               	bsf	3,5	;RP0=1, select bank1
   198  07E1  1303               	bcf	3,6	;RP1=0, select bank1
   199  07E2  158E               	bsf	14,3	;volatile
   200  07E3                     l630:
   201  07E3  3007               	movlw	7
   202  07E4  1283               	bcf	3,5	;RP0=0, select bank0
   203  07E5  1303               	bcf	3,6	;RP1=0, select bank0
   204  07E6  009F               	movwf	31	;volatile
   205  07E7                     l632:
   206  07E7  0185               	clrf	5	;volatile
   207  07E8                     l634:
   208  07E8  303F               	movlw	63
   209  07E9  1683               	bsf	3,5	;RP0=1, select bank1
   210  07EA  1303               	bcf	3,6	;RP1=0, select bank1
   211  07EB  0085               	movwf	5	;volatile
   212  07EC  1283               	bcf	3,5	;RP0=0, select bank0
   213  07ED  1303               	bcf	3,6	;RP1=0, select bank0
   214  07EE  0186               	clrf	6	;volatile
   215  07EF  1683               	bsf	3,5	;RP0=1, select bank1
   216  07F0  1303               	bcf	3,6	;RP1=0, select bank1
   217  07F1  0186               	clrf	6	;volatile
   218  07F2                     l636:
   219  07F2  1283               	bcf	3,5	;RP0=0, select bank0
   220  07F3  1303               	bcf	3,6	;RP1=0, select bank0
   221  07F4  1705               	bsf	5,6	;volatile
   222  07F5                     l638:
   223  07F5  30BF               	movlw	191
   224  07F6  00F4               	movwf	??_main
   225  07F7                     u17:
   226  07F7  2FF8               	nop2
   227  07F8  0BF4               	decfsz	??_main,f
   228  07F9  2FF7               	goto	u17
   229  07FA  2FF2               	goto	l636
   230  07FB  118A  2800         	ljmp	start
   231  07FD                     __end_of_main:
   232  007E                     btemp	set	126	;btemp
   233  007E                     wtemp0	set	126
   234                           
   235                           	psect	config
   236                           
   237                           ;Config register CONFIG @ 0x2007
   238                           ;	Oscillator Selection bits
   239                           ;	FOSC = INTOSCIO, INTOSC oscillator: I/O function on RA6/OSC2/CLKOUT pin, I/O function 
      +                          on RA7/OSC1/CLKIN
   240                           ;	Watchdog Timer Enable bit
   241                           ;	WDTE = OFF, WDT disabled
   242                           ;	Power-up Timer Enable bit
   243                           ;	PWRTE = OFF, PWRT disabled
   244                           ;	RA5/MCLR/VPP Pin Function Select bit
   245                           ;	MCLRE = OFF, RA5/MCLR/VPP pin function is digital input, MCLR internally tied to VDD
   246                           ;	Brown-out Detect Enable bit
   247                           ;	BOREN = OFF, BOD disabled
   248                           ;	Low-Voltage Programming Enable bit
   249                           ;	LVP = OFF, RB4/PGM pin has digital I/O function, HV on MCLR must be used for programmi
      +                          ng
   250                           ;	Data EE Memory Code Protection bit
   251                           ;	CPD = ON, Data memory code-protected
   252                           ;	Flash Program Memory Code Protection bit
   253                           ;	CP = ON, 0000h to 0FFFh code-protected
   254  2007                     	org	8199
   255  2007  1E18               	dw	7704

Data Sizes:
    Strings     0
    Constant    0
    Data        0
    BSS         0
    Persistent  0
    Stack       0

Auto Spaces:
    Space          Size  Autos    Used
    COMMON           14      5       5
    BANK0            80      0       0
    BANK1            80      0       0
    BANK2            80      0       0

Pointer List with Targets:

    None.

Critical Paths under _main in COMMON

    None.

Critical Paths under _main in BANK0

    None.

Critical Paths under _main in BANK1

    None.

Critical Paths under _main in BANK2

    None.

Call Graph Tables:

 ---------------------------------------------------------------------------------
 (Depth) Function   	        Calls       Base Space   Used Autos Params    Refs
 ---------------------------------------------------------------------------------
 (0) _main                                                 5     1      4       0
                                              0 COMMON     5     1      4
 ---------------------------------------------------------------------------------
 Estimated maximum stack depth 0
 ---------------------------------------------------------------------------------

 Call Graph Graphs:

 _main (ROOT)

 Address spaces:
Name               Size   Autos  Total    Cost      Usage
BITCOMMON            E      0       0       0        0.0%
EEDATA             100      0       0       0        0.0%
NULL                 0      0       0       0        0.0%
CODE                 0      0       0       0        0.0%
COMMON               E      5       5       1       35.7%
BITSFR0              0      0       0       1        0.0%
SFR0                 0      0       0       1        0.0%
BITSFR1              0      0       0       2        0.0%
SFR1                 0      0       0       2        0.0%
STACK                0      0       0       2        0.0%
BANK0               50      0       0       3        0.0%
BITBANK1            50      0       0       4        0.0%
BITSFR3              0      0       0       4        0.0%
SFR3                 0      0       0       4        0.0%
BANK1               50      0       0       5        0.0%
BITSFR2              0      0       0       5        0.0%
SFR2                 0      0       0       5        0.0%
BITBANK2            50      0       0       6        0.0%
BANK2               50      0       0       7        0.0%
ABS                  0      0       0       8        0.0%
BITBANK0            50      0       0       9        0.0%
DATA                 0      0       0      10        0.0%


Microchip Technology PIC Macro Assembler V2.36 build 20220127204148 
Symbol Table                                                                                   Thu Jul 11 11:58:47 2024

                     u17 07F7                      l630 07E3                      l632 07E7  
                    l634 07E8                      l636 07F2                      l628 07E0  
                    l638 07F5                     _OSCF 0473                     _main 07E0  
                   btemp 007E                     start 0000                    ?_main 0070  
                  _CMCON 001F                    _PORTA 0005                    _PORTB 0006  
                  _TRISA 0085                    _TRISB 0086                    status 0003  
                  wtemp0 007E          __initialization 07FD             __end_of_main 07FD  
                 ??_main 0074  __end_of__initialization 07FD           __pcstackCOMMON 0070  
             __pmaintext 07E0     end_of_initialization 07FD                _PORTAbits 0005  
    start_initialization 07FD                ___latbits 0001                 main@argc 0070  
               main@argv 0072  
